<?xml version="1.0" encoding="UTF-8"?>
<testng-results ignored="0" total="1" passed="1" failed="0" skipped="0">
  <reporter-output>
  </reporter-output>
  <suite started-at="2025-04-06T20:54:49 IST" name="Default suite" finished-at="2025-04-06T20:54:52 IST" duration-ms="3640">
    <groups>
    </groups>
    <test started-at="2025-04-06T20:54:49 IST" name="Default test" finished-at="2025-04-06T20:54:52 IST" duration-ms="3640">
      <class name="test.Second_Test_Class">
        <test-method signature="Second_Test_Case_Method()[pri:0, instance:test.Second_Test_Class@79e2c065]" started-at="2025-04-06T20:54:49 IST" name="Second_Test_Case_Method" finished-at="2025-04-06T20:54:52 IST" duration-ms="3603" status="PASS">
          <reporter-output>
          </reporter-output>
        </test-method> <!-- Second_Test_Case_Method -->
      </class> <!-- test.Second_Test_Class -->
    </test> <!-- Default test -->
  </suite> <!-- Default suite -->
</testng-results>
